0 info it worked if it ends with ok
1 verbose cli [ '/usr/bin/node', '/usr/bin/npm', 'i', 'yargs@next' ]
2 info using npm@3.5.2
3 info using node@v8.10.0
4 silly loadCurrentTree Starting
5 silly install loadCurrentTree
6 silly install readLocalPackageData
7 silly fetchPackageMetaData yargs@next
8 silly fetchNamedPackageData yargs
9 silly mapToRegistry name yargs
10 silly mapToRegistry using default registry
11 silly mapToRegistry registry https://registry.npmjs.org/
12 silly mapToRegistry uri https://registry.npmjs.org/yargs
13 verbose request uri https://registry.npmjs.org/yargs
14 verbose request no auth needed
15 info attempt registry request try #1 at 10:38:12
16 verbose request id a83a19d7df4443d6
17 verbose etag W/"c576e38070b592d29f4bd7703efcad05"
18 verbose lastModified Mon, 12 Apr 2021 02:41:31 GMT
19 http request GET https://registry.npmjs.org/yargs
20 http 304 https://registry.npmjs.org/yargs
21 verbose headers { date: 'Wed, 21 Apr 2021 05:08:12 GMT',
21 verbose headers   connection: 'keep-alive',
21 verbose headers   'set-cookie':
21 verbose headers    [ '__cfduid=d889801ea2a3dd0fcef2f5ee7b9d0f4d41618981692; expires=Fri, 21-May-21 05:08:12 GMT; path=/; domain=.npmjs.org; HttpOnly; SameSite=Lax' ],
21 verbose headers   'cf-ray': '643417da5ba03c0c-BLR',
21 verbose headers   age: '347',
21 verbose headers   'cache-control': 'public, max-age=300',
21 verbose headers   etag: '"c576e38070b592d29f4bd7703efcad05"',
21 verbose headers   'last-modified': 'Mon, 12 Apr 2021 02:41:31 GMT',
21 verbose headers   vary: 'Accept-Encoding',
21 verbose headers   'cf-cache-status': 'HIT',
21 verbose headers   'cf-request-id': '09946d3c7a00003c0c6e30c000000001',
21 verbose headers   'expect-ct': 'max-age=604800, report-uri="https://report-uri.cloudflare.com/cdn-cgi/beacon/expect-ct"',
21 verbose headers   server: 'cloudflare' }
22 silly get cb [ 304,
22 silly get   { date: 'Wed, 21 Apr 2021 05:08:12 GMT',
22 silly get     connection: 'keep-alive',
22 silly get     'set-cookie':
22 silly get      [ '__cfduid=d889801ea2a3dd0fcef2f5ee7b9d0f4d41618981692; expires=Fri, 21-May-21 05:08:12 GMT; path=/; domain=.npmjs.org; HttpOnly; SameSite=Lax' ],
22 silly get     'cf-ray': '643417da5ba03c0c-BLR',
22 silly get     age: '347',
22 silly get     'cache-control': 'public, max-age=300',
22 silly get     etag: '"c576e38070b592d29f4bd7703efcad05"',
22 silly get     'last-modified': 'Mon, 12 Apr 2021 02:41:31 GMT',
22 silly get     vary: 'Accept-Encoding',
22 silly get     'cf-cache-status': 'HIT',
22 silly get     'cf-request-id': '09946d3c7a00003c0c6e30c000000001',
22 silly get     'expect-ct': 'max-age=604800, report-uri="https://report-uri.cloudflare.com/cdn-cgi/beacon/expect-ct"',
22 silly get     server: 'cloudflare' } ]
23 verbose etag https://registry.npmjs.org/yargs from cache
24 verbose get saving yargs to /home/justdial/.npm/registry.npmjs.org/yargs/.cache.json
25 silly install normalizeTree
26 silly loadCurrentTree Finishing
27 silly loadIdealTree Starting
28 silly install loadIdealTree
29 silly cloneCurrentTree Starting
30 silly install cloneCurrentTreeToIdealTree
31 silly cloneCurrentTree Finishing
32 silly loadShrinkwrap Starting
33 silly install loadShrinkwrap
34 silly loadShrinkwrap Finishing
35 silly loadAllDepsIntoIdealTree Starting
36 silly install loadAllDepsIntoIdealTree
37 verbose stack Error: Missing required argument #1
37 verbose stack     at andLogAndFinish (/usr/share/npm/lib/fetch-package-metadata.js:31:3)
37 verbose stack     at fetchPackageMetadata (/usr/share/npm/lib/fetch-package-metadata.js:51:22)
37 verbose stack     at resolveWithNewModule (/usr/share/npm/lib/install/deps.js:456:12)
37 verbose stack     at /usr/share/npm/lib/install/deps.js:190:5
37 verbose stack     at /usr/share/npm/node_modules/slide/lib/async-map.js:52:35
37 verbose stack     at Array.forEach (<anonymous>)
37 verbose stack     at /usr/share/npm/node_modules/slide/lib/async-map.js:52:11
37 verbose stack     at Array.forEach (<anonymous>)
37 verbose stack     at asyncMap (/usr/share/npm/node_modules/slide/lib/async-map.js:51:8)
37 verbose stack     at exports.loadRequestedDeps (/usr/share/npm/lib/install/deps.js:188:3)
38 verbose cwd /home/justdial/Documents/work/nodeJsCourse/notes-app
39 error Linux 5.4.0-71-generic
40 error argv "/usr/bin/node" "/usr/bin/npm" "i" "yargs@next"
41 error node v8.10.0
42 error npm  v3.5.2
43 error code EMISSINGARG
44 error typeerror Error: Missing required argument #1
44 error typeerror     at andLogAndFinish (/usr/share/npm/lib/fetch-package-metadata.js:31:3)
44 error typeerror     at fetchPackageMetadata (/usr/share/npm/lib/fetch-package-metadata.js:51:22)
44 error typeerror     at resolveWithNewModule (/usr/share/npm/lib/install/deps.js:456:12)
44 error typeerror     at /usr/share/npm/lib/install/deps.js:190:5
44 error typeerror     at /usr/share/npm/node_modules/slide/lib/async-map.js:52:35
44 error typeerror     at Array.forEach (<anonymous>)
44 error typeerror     at /usr/share/npm/node_modules/slide/lib/async-map.js:52:11
44 error typeerror     at Array.forEach (<anonymous>)
44 error typeerror     at asyncMap (/usr/share/npm/node_modules/slide/lib/async-map.js:51:8)
44 error typeerror     at exports.loadRequestedDeps (/usr/share/npm/lib/install/deps.js:188:3)
45 error typeerror This is an error with npm itself. Please report this error at:
45 error typeerror     <http://github.com/npm/npm/issues>
46 verbose exit [ 1, true ]
